...Server Started...
...Server Started...
...Server Started...
...Server Started...
Database successfully connected
events.js:141
      throw er; // Unhandled 'error' event
      ^

Error: listen EADDRINUSE :::8080
    at Object.exports._errnoException (util.js:870:11)
    at exports._exceptionWithHostPort (util.js:893:20)
    at Server._listen2 (net.js:1237:14)
    at listen (net.js:1273:10)
    at Server.listen (net.js:1369:5)
    at EventEmitter.listen (/home/nick/digital-pantry/node_modules/express/lib/application.js:618:24)
    at Object.<anonymous> (/home/nick/digital-pantry/server.js:42:5)
    at Module._compile (module.js:410:26)
    at Object.Module._extensions..js (module.js:417:10)
    at Module.load (module.js:344:32)
...Server Started...
Database successfully connected
events.js:141
      throw er; // Unhandled 'error' event
      ^

Error: Connection lost: The server closed the connection.
    at Protocol.end (/home/nick/digital-pantry/node_modules/mysql/lib/protocol/Protocol.js:113:13)
    at Socket.<anonymous> (/home/nick/digital-pantry/node_modules/mysql/lib/Connection.js:109:28)
    at emitNone (events.js:72:20)
    at Socket.emit (events.js:166:7)
    at endReadableNT (_stream_readable.js:905:12)
    at nextTickCallbackWith2Args (node.js:441:9)
    at process._tickCallback (node.js:355:17)
